

Installing dependencies with VERBOSE output (-vv)
Cache directory: .pip_cache (local to project)


[1/3] Activating virtual environment...
[2/3] Installing requirements with verbose output...
Pip version:
pip 25.3 from g:\VSCODE\Speakerbot-local-voice\.venv\Lib\site-packages\pip (python 3.11)


Using pip 25.3 from g:\VSCODE\Speakerbot-local-voice\.venv\Lib\site-packages\pip (python 3.11)
Non-user install because user site-packages disabled
Created temporary directory: C:\Users\bonga\AppData\Local\Temp\pip-build-tracker-t6sc6v3r
Initialized build tracking at C:\Users\bonga\AppData\Local\Temp\pip-build-tracker-t6sc6v3r
Created build tracker: C:\Users\bonga\AppData\Local\Temp\pip-build-tracker-t6sc6v3r
Entered build tracker: C:\Users\bonga\AppData\Local\Temp\pip-build-tracker-t6sc6v3r
Created temporary directory: C:\Users\bonga\AppData\Local\Temp\pip-install-4wh_ajh8
Created temporary directory: C:\Users\bonga\AppData\Local\Temp\pip-ephem-wheel-cache-avr1aptw
Looking in indexes: https://pypi.org/simple, https://download.pytorch.org/whl/cu118
Requirement already satisfied: numpy<2.0.0,>=1.24.0 in g:\vscode\speakerbot-local-voice\.venv\lib\site-packages (from -r xtts-server\requirements.txt (line 3)) (1.26.4)
Requirement already satisfied: librosa>=0.10.0 in g:\vscode\speakerbot-local-voice\.venv\lib\site-packages (from -r xtts-server\requirements.txt (line 4)) (0.10.2.post1)
Requirement already satisfied: soundfile>=0.12.0 in g:\vscode\speakerbot-local-voice\.venv\lib\site-packages (from -r xtts-server\requirements.txt (line 5)) (0.12.1)
Requirement already satisfied: gtts>=2.3.0 in g:\vscode\speakerbot-local-voice\.venv\lib\site-packages (from -r xtts-server\requirements.txt (line 6)) (2.5.4)
Requirement already satisfied: sounddevice>=0.4.5 in g:\vscode\speakerbot-local-voice\.venv\lib\site-packages (from -r xtts-server\requirements.txt (line 7)) (0.5.3)
Requirement already satisfied: torch==2.7.1 in g:\vscode\speakerbot-local-voice\.venv\lib\site-packages (from -r xtts-server\requirements.txt (line 8)) (2.7.1+cu118)
Requirement already satisfied: torchaudio==2.7.1 in g:\vscode\speakerbot-local-voice\.venv\lib\site-packages (from -r xtts-server\requirements.txt (line 9)) (2.7.1+cu118)
Requirement already satisfied: rich>=13.0.0 in g:\vscode\speakerbot-local-voice\.venv\lib\site-packages (from -r xtts-server\requirements.txt (line 10)) (13.9.4)
Requirement already satisfied: av>=11.0.0 in g:\vscode\speakerbot-local-voice\.venv\lib\site-packages (from -r xtts-server\requirements.txt (line 11)) (16.0.1)
Requirement already satisfied: faiss-cpu>=1.7.4 in g:\vscode\speakerbot-local-voice\.venv\lib\site-packages (from -r xtts-server\requirements.txt (line 12)) (1.13.0)
Requirement already satisfied: scipy>=1.9.0 in g:\vscode\speakerbot-local-voice\.venv\lib\site-packages (from -r xtts-server\requirements.txt (line 13)) (1.16.3)
Requirement already satisfied: scikit-learn>=1.1.0 in g:\vscode\speakerbot-local-voice\.venv\lib\site-packages (from -r xtts-server\requirements.txt (line 14)) (1.7.2)
Requirement already satisfied: requests>=2.28.0 in g:\vscode\speakerbot-local-voice\.venv\lib\site-packages (from -r xtts-server\requirements.txt (line 15)) (2.32.5)
Requirement already satisfied: fastapi>=0.104.0 in g:\vscode\speakerbot-local-voice\.venv\lib\site-packages (from -r xtts-server\requirements.txt (line 16)) (0.122.0)
Requirement already satisfied: uvicorn>=0.24.0 in g:\vscode\speakerbot-local-voice\.venv\lib\site-packages (from uvicorn[standard]>=0.24.0->-r xtts-server\requirements.txt (line 17)) (0.38.0)
Requirement already satisfied: python-multipart>=0.0.6 in g:\vscode\speakerbot-local-voice\.venv\lib\site-packages (from -r xtts-server\requirements.txt (line 18)) (0.0.20)
Requirement already satisfied: pydantic>=2.0.0 in g:\vscode\speakerbot-local-voice\.venv\lib\site-packages (from -r xtts-server\requirements.txt (line 19)) (2.12.5)
Requirement already satisfied: TTS>=0.22.0 in g:\vscode\speakerbot-local-voice\.venv\lib\site-packages (from -r xtts-server\requirements.txt (line 20)) (0.22.0)
Requirement already satisfied: transformers<4.41.0,>=4.33.0 in g:\vscode\speakerbot-local-voice\.venv\lib\site-packages (from -r xtts-server\requirements.txt (line 21)) (4.40.2)
Requirement already satisfied: filelock in g:\vscode\speakerbot-local-voice\.venv\lib\site-packages (from torch==2.7.1->-r xtts-server\requirements.txt (line 8)) (3.12.4)
Requirement already satisfied: typing-extensions>=4.10.0 in g:\vscode\speakerbot-local-voice\.venv\lib\site-packages (from torch==2.7.1->-r xtts-server\requirements.txt (line 8)) (4.15.0)
Requirement already satisfied: sympy>=1.13.3 in g:\vscode\speakerbot-local-voice\.venv\lib\site-packages (from torch==2.7.1->-r xtts-server\requirements.txt (line 8)) (1.14.0)
Requirement already satisfied: networkx in g:\vscode\speakerbot-local-voice\.venv\lib\site-packages (from torch==2.7.1->-r xtts-server\requirements.txt (line 8)) (2.8.8)
Requirement already satisfied: jinja2 in g:\vscode\speakerbot-local-voice\.venv\lib\site-packages (from torch==2.7.1->-r xtts-server\requirements.txt (line 8)) (3.1.6)
Requirement already satisfied: fsspec in g:\vscode\speakerbot-local-voice\.venv\lib\site-packages (from torch==2.7.1->-r xtts-server\requirements.txt (line 8)) (2025.10.0)
Requirement already satisfied: huggingface-hub<1.0,>=0.19.3 in g:\vscode\speakerbot-local-voice\.venv\lib\site-packages (from transformers<4.41.0,>=4.33.0->-r xtts-server\requirements.txt (line 21)) (0.19.4)
Requirement already satisfied: packaging>=20.0 in g:\vscode\speakerbot-local-voice\.venv\lib\site-packages (from transformers<4.41.0,>=4.33.0->-r xtts-server\requirements.txt (line 21)) (23.2)
Requirement already satisfied: pyyaml>=5.1 in g:\vscode\speakerbot-local-voice\.venv\lib\site-packages (from transformers<4.41.0,>=4.33.0->-r xtts-server\requirements.txt (line 21)) (6.0.3)
Requirement already satisfied: regex!=2019.12.17 in g:\vscode\speakerbot-local-voice\.venv\lib\site-packages (from transformers<4.41.0,>=4.33.0->-r xtts-server\requirements.txt (line 21)) (2025.11.3)
Requirement already satisfied: tokenizers<0.20,>=0.19 in g:\vscode\speakerbot-local-voice\.venv\lib\site-packages (from transformers<4.41.0,>=4.33.0->-r xtts-server\requirements.txt (line 21)) (0.19.1)
Requirement already satisfied: safetensors>=0.4.1 in g:\vscode\speakerbot-local-voice\.venv\lib\site-packages (from transformers<4.41.0,>=4.33.0->-r xtts-server\requirements.txt (line 21)) (0.7.0)
Requirement already satisfied: tqdm>=4.27 in g:\vscode\speakerbot-local-voice\.venv\lib\site-packages (from transformers<4.41.0,>=4.33.0->-r xtts-server\requirements.txt (line 21)) (4.67.1)
Requirement already satisfied: audioread>=2.1.9 in g:\vscode\speakerbot-local-voice\.venv\lib\site-packages (from librosa>=0.10.0->-r xtts-server\requirements.txt (line 4)) (3.1.0)
Requirement already satisfied: joblib>=0.14 in g:\vscode\speakerbot-local-voice\.venv\lib\site-packages (from librosa>=0.10.0->-r xtts-server\requirements.txt (line 4)) (1.5.2)
Requirement already satisfied: decorator>=4.3.0 in g:\vscode\speakerbot-local-voice\.venv\lib\site-packages (from librosa>=0.10.0->-r xtts-server\requirements.txt (line 4)) (5.2.1)
Requirement already satisfied: numba>=0.51.0 in g:\vscode\speakerbot-local-voice\.venv\lib\site-packages (from librosa>=0.10.0->-r xtts-server\requirements.txt (line 4)) (0.62.1)
Requirement already satisfied: pooch>=1.1 in g:\vscode\speakerbot-local-voice\.venv\lib\site-packages (from librosa>=0.10.0->-r xtts-server\requirements.txt (line 4)) (1.8.2)
Requirement already satisfied: soxr>=0.3.2 in g:\vscode\speakerbot-local-voice\.venv\lib\site-packages (from librosa>=0.10.0->-r xtts-server\requirements.txt (line 4)) (1.0.0)
Requirement already satisfied: lazy-loader>=0.1 in g:\vscode\speakerbot-local-voice\.venv\lib\site-packages (from librosa>=0.10.0->-r xtts-server\requirements.txt (line 4)) (0.4)
Requirement already satisfied: msgpack>=1.0 in g:\vscode\speakerbot-local-voice\.venv\lib\site-packages (from librosa>=0.10.0->-r xtts-server\requirements.txt (line 4)) (1.1.2)
Requirement already satisfied: cffi>=1.0 in g:\vscode\speakerbot-local-voice\.venv\lib\site-packages (from soundfile>=0.12.0->-r xtts-server\requirements.txt (line 5)) (2.0.0)
Requirement already satisfied: click<8.2,>=7.1 in g:\vscode\speakerbot-local-voice\.venv\lib\site-packages (from gtts>=2.3.0->-r xtts-server\requirements.txt (line 6)) (8.1.8)
Requirement already satisfied: charset_normalizer<4,>=2 in g:\vscode\speakerbot-local-voice\.venv\lib\site-packages (from requests>=2.28.0->-r xtts-server\requirements.txt (line 15)) (3.4.4)
Requirement already satisfied: idna<4,>=2.5 in g:\vscode\speakerbot-local-voice\.venv\lib\site-packages (from requests>=2.28.0->-r xtts-server\requirements.txt (line 15)) (3.11)
Requirement already satisfied: urllib3<3,>=1.21.1 in g:\vscode\speakerbot-local-voice\.venv\lib\site-packages (from requests>=2.28.0->-r xtts-server\requirements.txt (line 15)) (2.5.0)
Requirement already satisfied: certifi>=2017.4.17 in g:\vscode\speakerbot-local-voice\.venv\lib\site-packages (from requests>=2.28.0->-r xtts-server\requirements.txt (line 15)) (2025.11.12)
Requirement already satisfied: colorama in g:\vscode\speakerbot-local-voice\.venv\lib\site-packages (from click<8.2,>=7.1->gtts>=2.3.0->-r xtts-server\requirements.txt (line 6)) (0.4.6)
Requirement already satisfied: markdown-it-py>=2.2.0 in g:\vscode\speakerbot-local-voice\.venv\lib\site-packages (from rich>=13.0.0->-r xtts-server\requirements.txt (line 10)) (4.0.0)
Requirement already satisfied: pygments<3.0.0,>=2.13.0 in g:\vscode\speakerbot-local-voice\.venv\lib\site-packages (from rich>=13.0.0->-r xtts-server\requirements.txt (line 10)) (2.19.2)
Requirement already satisfied: threadpoolctl>=3.1.0 in g:\vscode\speakerbot-local-voice\.venv\lib\site-packages (from scikit-learn>=1.1.0->-r xtts-server\requirements.txt (line 14)) (3.6.0)
Requirement already satisfied: starlette<0.51.0,>=0.40.0 in g:\vscode\speakerbot-local-voice\.venv\lib\site-packages (from fastapi>=0.104.0->-r xtts-server\requirements.txt (line 16)) (0.50.0)
Requirement already satisfied: annotated-doc>=0.0.2 in g:\vscode\speakerbot-local-voice\.venv\lib\site-packages (from fastapi>=0.104.0->-r xtts-server\requirements.txt (line 16)) (0.0.4)
Requirement already satisfied: annotated-types>=0.6.0 in g:\vscode\speakerbot-local-voice\.venv\lib\site-packages (from pydantic>=2.0.0->-r xtts-server\requirements.txt (line 19)) (0.7.0)
Requirement already satisfied: pydantic-core==2.41.5 in g:\vscode\speakerbot-local-voice\.venv\lib\site-packages (from pydantic>=2.0.0->-r xtts-server\requirements.txt (line 19)) (2.41.5)
Requirement already satisfied: typing-inspection>=0.4.2 in g:\vscode\speakerbot-local-voice\.venv\lib\site-packages (from pydantic>=2.0.0->-r xtts-server\requirements.txt (line 19)) (0.4.2)
Requirement already satisfied: anyio<5,>=3.6.2 in g:\vscode\speakerbot-local-voice\.venv\lib\site-packages (from starlette<0.51.0,>=0.40.0->fastapi>=0.104.0->-r xtts-server\requirements.txt (line 16)) (4.12.0)
Requirement already satisfied: h11>=0.8 in g:\vscode\speakerbot-local-voice\.venv\lib\site-packages (from uvicorn>=0.24.0->uvicorn[standard]>=0.24.0->-r xtts-server\requirements.txt (line 17)) (0.16.0)
Requirement already satisfied: cython>=0.29.30 in g:\vscode\speakerbot-local-voice\.venv\lib\site-packages (from TTS>=0.22.0->-r xtts-server\requirements.txt (line 20)) (3.2.1)
Requirement already satisfied: inflect>=5.6.0 in g:\vscode\speakerbot-local-voice\.venv\lib\site-packages (from TTS>=0.22.0->-r xtts-server\requirements.txt (line 20)) (7.5.0)
Requirement already satisfied: anyascii>=0.3.0 in g:\vscode\speakerbot-local-voice\.venv\lib\site-packages (from TTS>=0.22.0->-r xtts-server\requirements.txt (line 20)) (0.3.3)
Requirement already satisfied: aiohttp>=3.8.1 in g:\vscode\speakerbot-local-voice\.venv\lib\site-packages (from TTS>=0.22.0->-r xtts-server\requirements.txt (line 20)) (3.13.2)
Requirement already satisfied: flask>=2.0.1 in g:\vscode\speakerbot-local-voice\.venv\lib\site-packages (from TTS>=0.22.0->-r xtts-server\requirements.txt (line 20)) (3.1.2)
Requirement already satisfied: pysbd>=0.3.4 in g:\vscode\speakerbot-local-voice\.venv\lib\site-packages (from TTS>=0.22.0->-r xtts-server\requirements.txt (line 20)) (0.3.4)
Requirement already satisfied: umap-learn>=0.5.1 in g:\vscode\speakerbot-local-voice\.venv\lib\site-packages (from TTS>=0.22.0->-r xtts-server\requirements.txt (line 20)) (0.5.9.post2)
Requirement already satisfied: pandas<2.0,>=1.4 in g:\vscode\speakerbot-local-voice\.venv\lib\site-packages (from TTS>=0.22.0->-r xtts-server\requirements.txt (line 20)) (1.5.3)
Requirement already satisfied: matplotlib>=3.7.0 in g:\vscode\speakerbot-local-voice\.venv\lib\site-packages (from TTS>=0.22.0->-r xtts-server\requirements.txt (line 20)) (3.10.7)
Requirement already satisfied: trainer>=0.0.32 in g:\vscode\speakerbot-local-voice\.venv\lib\site-packages (from TTS>=0.22.0->-r xtts-server\requirements.txt (line 20)) (0.0.36)
Requirement already satisfied: coqpit>=0.0.16 in g:\vscode\speakerbot-local-voice\.venv\lib\site-packages (from TTS>=0.22.0->-r xtts-server\requirements.txt (line 20)) (0.0.17)
Requirement already satisfied: jieba in g:\vscode\speakerbot-local-voice\.venv\lib\site-packages (from TTS>=0.22.0->-r xtts-server\requirements.txt (line 20)) (0.42.1)
Requirement already satisfied: pypinyin in g:\vscode\speakerbot-local-voice\.venv\lib\site-packages (from TTS>=0.22.0->-r xtts-server\requirements.txt (line 20)) (0.55.0)
Requirement already satisfied: hangul_romanize in g:\vscode\speakerbot-local-voice\.venv\lib\site-packages (from TTS>=0.22.0->-r xtts-server\requirements.txt (line 20)) (0.1.0)
Requirement already satisfied: gruut==2.2.3 in g:\vscode\speakerbot-local-voice\.venv\lib\site-packages (from gruut[de,es,fr]==2.2.3->TTS>=0.22.0->-r xtts-server\requirements.txt (line 20)) (2.2.3)
Requirement already satisfied: jamo in g:\vscode\speakerbot-local-voice\.venv\lib\site-packages (from TTS>=0.22.0->-r xtts-server\requirements.txt (line 20)) (0.4.1)
Requirement already satisfied: nltk in g:\vscode\speakerbot-local-voice\.venv\lib\site-packages (from TTS>=0.22.0->-r xtts-server\requirements.txt (line 20)) (3.9.2)
Requirement already satisfied: g2pkk>=0.1.1 in g:\vscode\speakerbot-local-voice\.venv\lib\site-packages (from TTS>=0.22.0->-r xtts-server\requirements.txt (line 20)) (0.1.2)
Requirement already satisfied: bangla in g:\vscode\speakerbot-local-voice\.venv\lib\site-packages (from TTS>=0.22.0->-r xtts-server\requirements.txt (line 20)) (0.0.5)
Requirement already satisfied: bnnumerizer in g:\vscode\speakerbot-local-voice\.venv\lib\site-packages (from TTS>=0.22.0->-r xtts-server\requirements.txt (line 20)) (0.0.2)
Requirement already satisfied: bnunicodenormalizer in g:\vscode\speakerbot-local-voice\.venv\lib\site-packages (from TTS>=0.22.0->-r xtts-server\requirements.txt (line 20)) (0.1.7)
Requirement already satisfied: einops>=0.6.0 in g:\vscode\speakerbot-local-voice\.venv\lib\site-packages (from TTS>=0.22.0->-r xtts-server\requirements.txt (line 20)) (0.7.0)
Requirement already satisfied: encodec>=0.1.1 in g:\vscode\speakerbot-local-voice\.venv\lib\site-packages (from TTS>=0.22.0->-r xtts-server\requirements.txt (line 20)) (0.1.1)
Requirement already satisfied: unidecode>=1.3.2 in g:\vscode\speakerbot-local-voice\.venv\lib\site-packages (from TTS>=0.22.0->-r xtts-server\requirements.txt (line 20)) (1.4.0)
Requirement already satisfied: num2words in g:\vscode\speakerbot-local-voice\.venv\lib\site-packages (from TTS>=0.22.0->-r xtts-server\requirements.txt (line 20)) (0.5.14)
Requirement already satisfied: spacy>=3 in g:\vscode\speakerbot-local-voice\.venv\lib\site-packages (from spacy[ja]>=3->TTS>=0.22.0->-r xtts-server\requirements.txt (line 20)) (3.8.11)
Requirement already satisfied: Babel<3.0.0,>=2.8.0 in g:\vscode\speakerbot-local-voice\.venv\lib\site-packages (from gruut==2.2.3->gruut[de,es,fr]==2.2.3->TTS>=0.22.0->-r xtts-server\requirements.txt (line 20)) (2.17.0)
Requirement already satisfied: dateparser~=1.1.0 in g:\vscode\speakerbot-local-voice\.venv\lib\site-packages (from gruut==2.2.3->gruut[de,es,fr]==2.2.3->TTS>=0.22.0->-r xtts-server\requirements.txt (line 20)) (1.1.8)
Requirement already satisfied: gruut-ipa<1.0,>=0.12.0 in g:\vscode\speakerbot-local-voice\.venv\lib\site-packages (from gruut==2.2.3->gruut[de,es,fr]==2.2.3->TTS>=0.22.0->-r xtts-server\requirements.txt (line 20)) (0.13.0)
Requirement already satisfied: gruut_lang_en~=2.0.0 in g:\vscode\speakerbot-local-voice\.venv\lib\site-packages (from gruut==2.2.3->gruut[de,es,fr]==2.2.3->TTS>=0.22.0->-r xtts-server\requirements.txt (line 20)) (2.0.1)
Requirement already satisfied: jsonlines~=1.2.0 in g:\vscode\speakerbot-local-voice\.venv\lib\site-packages (from gruut==2.2.3->gruut[de,es,fr]==2.2.3->TTS>=0.22.0->-r xtts-server\requirements.txt (line 20)) (1.2.0)
Requirement already satisfied: python-crfsuite~=0.9.7 in g:\vscode\speakerbot-local-voice\.venv\lib\site-packages (from gruut==2.2.3->gruut[de,es,fr]==2.2.3->TTS>=0.22.0->-r xtts-server\requirements.txt (line 20)) (0.9.11)
Requirement already satisfied: gruut_lang_de~=2.0.0 in g:\vscode\speakerbot-local-voice\.venv\lib\site-packages (from gruut[de,es,fr]==2.2.3->TTS>=0.22.0->-r xtts-server\requirements.txt (line 20)) (2.0.1)
Requirement already satisfied: gruut_lang_es~=2.0.0 in g:\vscode\speakerbot-local-voice\.venv\lib\site-packages (from gruut[de,es,fr]==2.2.3->TTS>=0.22.0->-r xtts-server\requirements.txt (line 20)) (2.0.1)
Requirement already satisfied: gruut_lang_fr~=2.0.0 in g:\vscode\speakerbot-local-voice\.venv\lib\site-packages (from gruut[de,es,fr]==2.2.3->TTS>=0.22.0->-r xtts-server\requirements.txt (line 20)) (2.0.2)
Requirement already satisfied: python-dateutil in g:\vscode\speakerbot-local-voice\.venv\lib\site-packages (from dateparser~=1.1.0->gruut==2.2.3->gruut[de,es,fr]==2.2.3->TTS>=0.22.0->-r xtts-server\requirements.txt (line 20)) (2.9.0.post0)
Requirement already satisfied: pytz in g:\vscode\speakerbot-local-voice\.venv\lib\site-packages (from dateparser~=1.1.0->gruut==2.2.3->gruut[de,es,fr]==2.2.3->TTS>=0.22.0->-r xtts-server\requirements.txt (line 20)) (2025.2)
Requirement already satisfied: tzlocal in g:\vscode\speakerbot-local-voice\.venv\lib\site-packages (from dateparser~=1.1.0->gruut==2.2.3->gruut[de,es,fr]==2.2.3->TTS>=0.22.0->-r xtts-server\requirements.txt (line 20)) (5.3.1)
Requirement already satisfied: six in g:\vscode\speakerbot-local-voice\.venv\lib\site-packages (from jsonlines~=1.2.0->gruut==2.2.3->gruut[de,es,fr]==2.2.3->TTS>=0.22.0->-r xtts-server\requirements.txt (line 20)) (1.17.0)
Requirement already satisfied: docopt>=0.6.2 in g:\vscode\speakerbot-local-voice\.venv\lib\site-packages (from num2words->TTS>=0.22.0->-r xtts-server\requirements.txt (line 20)) (0.6.2)
Requirement already satisfied: aiohappyeyeballs>=2.5.0 in g:\vscode\speakerbot-local-voice\.venv\lib\site-packages (from aiohttp>=3.8.1->TTS>=0.22.0->-r xtts-server\requirements.txt (line 20)) (2.6.1)
Requirement already satisfied: aiosignal>=1.4.0 in g:\vscode\speakerbot-local-voice\.venv\lib\site-packages (from aiohttp>=3.8.1->TTS>=0.22.0->-r xtts-server\requirements.txt (line 20)) (1.4.0)
Requirement already satisfied: attrs>=17.3.0 in g:\vscode\speakerbot-local-voice\.venv\lib\site-packages (from aiohttp>=3.8.1->TTS>=0.22.0->-r xtts-server\requirements.txt (line 20)) (25.4.0)
Requirement already satisfied: frozenlist>=1.1.1 in g:\vscode\speakerbot-local-voice\.venv\lib\site-packages (from aiohttp>=3.8.1->TTS>=0.22.0->-r xtts-server\requirements.txt (line 20)) (1.8.0)
Requirement already satisfied: multidict<7.0,>=4.5 in g:\vscode\speakerbot-local-voice\.venv\lib\site-packages (from aiohttp>=3.8.1->TTS>=0.22.0->-r xtts-server\requirements.txt (line 20)) (6.7.0)
Requirement already satisfied: propcache>=0.2.0 in g:\vscode\speakerbot-local-voice\.venv\lib\site-packages (from aiohttp>=3.8.1->TTS>=0.22.0->-r xtts-server\requirements.txt (line 20)) (0.4.1)
Requirement already satisfied: yarl<2.0,>=1.17.0 in g:\vscode\speakerbot-local-voice\.venv\lib\site-packages (from aiohttp>=3.8.1->TTS>=0.22.0->-r xtts-server\requirements.txt (line 20)) (1.22.0)
Requirement already satisfied: pycparser in g:\vscode\speakerbot-local-voice\.venv\lib\site-packages (from cffi>=1.0->soundfile>=0.12.0->-r xtts-server\requirements.txt (line 5)) (2.23)
Requirement already satisfied: blinker>=1.9.0 in g:\vscode\speakerbot-local-voice\.venv\lib\site-packages (from flask>=2.0.1->TTS>=0.22.0->-r xtts-server\requirements.txt (line 20)) (1.9.0)
Requirement already satisfied: itsdangerous>=2.2.0 in g:\vscode\speakerbot-local-voice\.venv\lib\site-packages (from flask>=2.0.1->TTS>=0.22.0->-r xtts-server\requirements.txt (line 20)) (2.2.0)
Requirement already satisfied: markupsafe>=2.1.1 in g:\vscode\speakerbot-local-voice\.venv\lib\site-packages (from flask>=2.0.1->TTS>=0.22.0->-r xtts-server\requirements.txt (line 20)) (3.0.3)
Requirement already satisfied: werkzeug>=3.1.0 in g:\vscode\speakerbot-local-voice\.venv\lib\site-packages (from flask>=2.0.1->TTS>=0.22.0->-r xtts-server\requirements.txt (line 20)) (3.1.4)
Requirement already satisfied: more_itertools>=8.5.0 in g:\vscode\speakerbot-local-voice\.venv\lib\site-packages (from inflect>=5.6.0->TTS>=0.22.0->-r xtts-server\requirements.txt (line 20)) (10.8.0)
Requirement already satisfied: typeguard>=4.0.1 in g:\vscode\speakerbot-local-voice\.venv\lib\site-packages (from inflect>=5.6.0->TTS>=0.22.0->-r xtts-server\requirements.txt (line 20)) (4.4.4)
Requirement already satisfied: mdurl~=0.1 in g:\vscode\speakerbot-local-voice\.venv\lib\site-packages (from markdown-it-py>=2.2.0->rich>=13.0.0->-r xtts-server\requirements.txt (line 10)) (0.1.2)
Requirement already satisfied: contourpy>=1.0.1 in g:\vscode\speakerbot-local-voice\.venv\lib\site-packages (from matplotlib>=3.7.0->TTS>=0.22.0->-r xtts-server\requirements.txt (line 20)) (1.3.3)
Requirement already satisfied: cycler>=0.10 in g:\vscode\speakerbot-local-voice\.venv\lib\site-packages (from matplotlib>=3.7.0->TTS>=0.22.0->-r xtts-server\requirements.txt (line 20)) (0.12.1)
Requirement already satisfied: fonttools>=4.22.0 in g:\vscode\speakerbot-local-voice\.venv\lib\site-packages (from matplotlib>=3.7.0->TTS>=0.22.0->-r xtts-server\requirements.txt (line 20)) (4.61.0)
Requirement already satisfied: kiwisolver>=1.3.1 in g:\vscode\speakerbot-local-voice\.venv\lib\site-packages (from matplotlib>=3.7.0->TTS>=0.22.0->-r xtts-server\requirements.txt (line 20)) (1.4.9)
Requirement already satisfied: pillow>=8 in g:\vscode\speakerbot-local-voice\.venv\lib\site-packages (from matplotlib>=3.7.0->TTS>=0.22.0->-r xtts-server\requirements.txt (line 20)) (12.0.0)
Requirement already satisfied: pyparsing>=3 in g:\vscode\speakerbot-local-voice\.venv\lib\site-packages (from matplotlib>=3.7.0->TTS>=0.22.0->-r xtts-server\requirements.txt (line 20)) (3.2.5)
Requirement already satisfied: llvmlite<0.46,>=0.45.0dev0 in g:\vscode\speakerbot-local-voice\.venv\lib\site-packages (from numba>=0.51.0->librosa>=0.10.0->-r xtts-server\requirements.txt (line 4)) (0.45.1)
Requirement already satisfied: platformdirs>=2.5.0 in g:\vscode\speakerbot-local-voice\.venv\lib\site-packages (from pooch>=1.1->librosa>=0.10.0->-r xtts-server\requirements.txt (line 4)) (4.5.0)
Requirement already satisfied: spacy-legacy<3.1.0,>=3.0.11 in g:\vscode\speakerbot-local-voice\.venv\lib\site-packages (from spacy>=3->spacy[ja]>=3->TTS>=0.22.0->-r xtts-server\requirements.txt (line 20)) (3.0.12)
Requirement already satisfied: spacy-loggers<2.0.0,>=1.0.0 in g:\vscode\speakerbot-local-voice\.venv\lib\site-packages (from spacy>=3->spacy[ja]>=3->TTS>=0.22.0->-r xtts-server\requirements.txt (line 20)) (1.0.5)
Requirement already satisfied: murmurhash<1.1.0,>=0.28.0 in g:\vscode\speakerbot-local-voice\.venv\lib\site-packages (from spacy>=3->spacy[ja]>=3->TTS>=0.22.0->-r xtts-server\requirements.txt (line 20)) (1.0.15)
Requirement already satisfied: cymem<2.1.0,>=2.0.2 in g:\vscode\speakerbot-local-voice\.venv\lib\site-packages (from spacy>=3->spacy[ja]>=3->TTS>=0.22.0->-r xtts-server\requirements.txt (line 20)) (2.0.13)
Requirement already satisfied: preshed<3.1.0,>=3.0.2 in g:\vscode\speakerbot-local-voice\.venv\lib\site-packages (from spacy>=3->spacy[ja]>=3->TTS>=0.22.0->-r xtts-server\requirements.txt (line 20)) (3.0.12)
Requirement already satisfied: thinc<8.4.0,>=8.3.4 in g:\vscode\speakerbot-local-voice\.venv\lib\site-packages (from spacy>=3->spacy[ja]>=3->TTS>=0.22.0->-r xtts-server\requirements.txt (line 20)) (8.3.10)
Requirement already satisfied: wasabi<1.2.0,>=0.9.1 in g:\vscode\speakerbot-local-voice\.venv\lib\site-packages (from spacy>=3->spacy[ja]>=3->TTS>=0.22.0->-r xtts-server\requirements.txt (line 20)) (1.1.3)
Requirement already satisfied: srsly<3.0.0,>=2.4.3 in g:\vscode\speakerbot-local-voice\.venv\lib\site-packages (from spacy>=3->spacy[ja]>=3->TTS>=0.22.0->-r xtts-server\requirements.txt (line 20)) (2.5.2)
Requirement already satisfied: catalogue<2.1.0,>=2.0.6 in g:\vscode\speakerbot-local-voice\.venv\lib\site-packages (from spacy>=3->spacy[ja]>=3->TTS>=0.22.0->-r xtts-server\requirements.txt (line 20)) (2.0.10)
Requirement already satisfied: weasel<0.5.0,>=0.4.2 in g:\vscode\speakerbot-local-voice\.venv\lib\site-packages (from spacy>=3->spacy[ja]>=3->TTS>=0.22.0->-r xtts-server\requirements.txt (line 20)) (0.4.3)
Requirement already satisfied: typer-slim<1.0.0,>=0.3.0 in g:\vscode\speakerbot-local-voice\.venv\lib\site-packages (from spacy>=3->spacy[ja]>=3->TTS>=0.22.0->-r xtts-server\requirements.txt (line 20)) (0.20.0)
Requirement already satisfied: setuptools in g:\vscode\speakerbot-local-voice\.venv\lib\site-packages (from spacy>=3->spacy[ja]>=3->TTS>=0.22.0->-r xtts-server\requirements.txt (line 20)) (65.5.0)
Requirement already satisfied: blis<1.4.0,>=1.3.0 in g:\vscode\speakerbot-local-voice\.venv\lib\site-packages (from thinc<8.4.0,>=8.3.4->spacy>=3->spacy[ja]>=3->TTS>=0.22.0->-r xtts-server\requirements.txt (line 20)) (1.3.3)
Requirement already satisfied: confection<1.0.0,>=0.0.1 in g:\vscode\speakerbot-local-voice\.venv\lib\site-packages (from thinc<8.4.0,>=8.3.4->spacy>=3->spacy[ja]>=3->TTS>=0.22.0->-r xtts-server\requirements.txt (line 20)) (0.1.5)
Requirement already satisfied: cloudpathlib<1.0.0,>=0.7.0 in g:\vscode\speakerbot-local-voice\.venv\lib\site-packages (from weasel<0.5.0,>=0.4.2->spacy>=3->spacy[ja]>=3->TTS>=0.22.0->-r xtts-server\requirements.txt (line 20)) (0.23.0)
Requirement already satisfied: smart-open<8.0.0,>=5.2.1 in g:\vscode\speakerbot-local-voice\.venv\lib\site-packages (from weasel<0.5.0,>=0.4.2->spacy>=3->spacy[ja]>=3->TTS>=0.22.0->-r xtts-server\requirements.txt (line 20)) (7.5.0)
Requirement already satisfied: wrapt in g:\vscode\speakerbot-local-voice\.venv\lib\site-packages (from smart-open<8.0.0,>=5.2.1->weasel<0.5.0,>=0.4.2->spacy>=3->spacy[ja]>=3->TTS>=0.22.0->-r xtts-server\requirements.txt (line 20)) (2.0.1)
Requirement already satisfied: sudachipy!=0.6.1,>=0.5.2 in g:\vscode\speakerbot-local-voice\.venv\lib\site-packages (from spacy[ja]>=3->TTS>=0.22.0->-r xtts-server\requirements.txt (line 20)) (0.6.10)
Requirement already satisfied: sudachidict_core>=20211220 in g:\vscode\speakerbot-local-voice\.venv\lib\site-packages (from spacy[ja]>=3->TTS>=0.22.0->-r xtts-server\requirements.txt (line 20)) (20251022)
Requirement already satisfied: mpmath<1.4,>=1.1.0 in g:\vscode\speakerbot-local-voice\.venv\lib\site-packages (from sympy>=1.13.3->torch==2.7.1->-r xtts-server\requirements.txt (line 8)) (1.3.0)
Requirement already satisfied: psutil in g:\vscode\speakerbot-local-voice\.venv\lib\site-packages (from trainer>=0.0.32->TTS>=0.22.0->-r xtts-server\requirements.txt (line 20)) (7.1.3)
Requirement already satisfied: tensorboard in g:\vscode\speakerbot-local-voice\.venv\lib\site-packages (from trainer>=0.0.32->TTS>=0.22.0->-r xtts-server\requirements.txt (line 20)) (2.20.0)
Requirement already satisfied: pynndescent>=0.5 in g:\vscode\speakerbot-local-voice\.venv\lib\site-packages (from umap-learn>=0.5.1->TTS>=0.22.0->-r xtts-server\requirements.txt (line 20)) (0.5.13)
Requirement already satisfied: httptools>=0.6.3 in g:\vscode\speakerbot-local-voice\.venv\lib\site-packages (from uvicorn[standard]>=0.24.0->-r xtts-server\requirements.txt (line 17)) (0.7.1)
Requirement already satisfied: python-dotenv>=0.13 in g:\vscode\speakerbot-local-voice\.venv\lib\site-packages (from uvicorn[standard]>=0.24.0->-r xtts-server\requirements.txt (line 17)) (1.2.1)
Requirement already satisfied: watchfiles>=0.13 in g:\vscode\speakerbot-local-voice\.venv\lib\site-packages (from uvicorn[standard]>=0.24.0->-r xtts-server\requirements.txt (line 17)) (1.1.1)
Requirement already satisfied: websockets>=10.4 in g:\vscode\speakerbot-local-voice\.venv\lib\site-packages (from uvicorn[standard]>=0.24.0->-r xtts-server\requirements.txt (line 17)) (15.0.1)
Requirement already satisfied: absl-py>=0.4 in g:\vscode\speakerbot-local-voice\.venv\lib\site-packages (from tensorboard->trainer>=0.0.32->TTS>=0.22.0->-r xtts-server\requirements.txt (line 20)) (2.3.1)
Requirement already satisfied: grpcio>=1.48.2 in g:\vscode\speakerbot-local-voice\.venv\lib\site-packages (from tensorboard->trainer>=0.0.32->TTS>=0.22.0->-r xtts-server\requirements.txt (line 20)) (1.76.0)
Requirement already satisfied: markdown>=2.6.8 in g:\vscode\speakerbot-local-voice\.venv\lib\site-packages (from tensorboard->trainer>=0.0.32->TTS>=0.22.0->-r xtts-server\requirements.txt (line 20)) (3.10)
Requirement already satisfied: protobuf!=4.24.0,>=3.19.6 in g:\vscode\speakerbot-local-voice\.venv\lib\site-packages (from tensorboard->trainer>=0.0.32->TTS>=0.22.0->-r xtts-server\requirements.txt (line 20)) (6.33.1)
Requirement already satisfied: tensorboard-data-server<0.8.0,>=0.7.0 in g:\vscode\speakerbot-local-voice\.venv\lib\site-packages (from tensorboard->trainer>=0.0.32->TTS>=0.22.0->-r xtts-server\requirements.txt (line 20)) (0.7.2)
Requirement already satisfied: tzdata in g:\vscode\speakerbot-local-voice\.venv\lib\site-packages (from tzlocal->dateparser~=1.1.0->gruut==2.2.3->gruut[de,es,fr]==2.2.3->TTS>=0.22.0->-r xtts-server\requirements.txt (line 20)) (2025.2)
Created temporary directory: C:\Users\bonga\AppData\Local\Temp\pip-unpack-rib5o9yo
Remote version of pip: 25.3
Local version of pip:  25.3
Was pip installed by pip? True
Removed build tracker: 'C:\\Users\\bonga\\AppData\\Local\\Temp\\pip-build-tracker-t6sc6v3r'


[3/3] Installation complete


